2026-06-28 17:02:00 INFO  BaseTest - Chrome browser launched
2026-06-28 17:02:00 INFO  BaseTest - Opening URL: https://opensource-demo.orangehrmlive.com/web/index.php/auth/login
2026-06-28 17:02:04 INFO  TestListener - Test Started : verifyLogin
2026-06-28 17:02:04 INFO  LoginPage - Entering username
2026-06-28 17:02:04 INFO  LoginPage - Entering password
2026-06-28 17:02:05 INFO  LoginPage - Clicking Login button
2026-06-28 17:02:06 INFO  LoginTest - Username : Admin
2026-06-28 17:02:06 INFO  LoginTest - Password : admin123
2026-06-28 17:02:06 INFO  TestListener - Test Passed : verifyLogin
2026-06-28 17:02:07 INFO  BaseTest - Closing browser
2026-06-28 17:02:10 INFO  BaseTest - Chrome browser launched
2026-06-28 17:02:10 INFO  BaseTest - Opening URL: https://opensource-demo.orangehrmlive.com/web/index.php/auth/login
2026-06-28 17:02:14 INFO  TestListener - Test Started : verifyLogin
2026-06-28 17:02:14 INFO  LoginPage - Entering username
2026-06-28 17:02:15 INFO  LoginPage - Entering password
2026-06-28 17:02:15 INFO  LoginPage - Clicking Login button
2026-06-28 17:02:17 INFO  LoginTest - Username : Admin
2026-06-28 17:02:17 INFO  LoginTest - Password : wrongpass
2026-06-28 17:02:17 INFO  TestListener - Test Passed : verifyLogin
2026-06-28 17:02:19 INFO  BaseTest - Closing browser
2026-06-28 17:02:21 INFO  BaseTest - Chrome browser launched
2026-06-28 17:02:21 INFO  BaseTest - Opening URL: https://opensource-demo.orangehrmlive.com/web/index.php/auth/login
2026-06-28 17:02:25 INFO  TestListener - Test Started : verifyLogin
2026-06-28 17:02:27 INFO  LoginPage - Entering username
2026-06-28 17:02:27 INFO  LoginPage - Entering password
2026-06-28 17:02:27 INFO  LoginPage - Clicking Login button
2026-06-28 17:02:29 INFO  LoginTest - Username : WrongUser
2026-06-28 17:02:29 INFO  LoginTest - Password : admin123
2026-06-28 17:02:29 INFO  TestListener - Test Passed : verifyLogin
2026-06-28 17:02:30 INFO  BaseTest - Closing browser
2026-06-29 17:17:00 INFO  TestListener - Test Started : verifyLogin
2026-06-29 17:17:00 INFO  TestListener - Test Started : verifyLogin
2026-06-29 17:17:00 INFO  TestListener - Test Started : verifyLogin
2026-06-29 17:32:01 INFO  TestListener - Test Started : verifyLogin
2026-06-29 17:32:04 INFO  ElementActions - Entered text 'Admin' into By.name: username
2026-06-29 17:32:04 INFO  LoginPage - Entering username
2026-06-29 17:32:04 INFO  ElementActions - Entered text 'admin123' into By.name: password
2026-06-29 17:32:04 INFO  LoginPage - Entering password
2026-06-29 17:32:06 INFO  ElementActions - Clicked on By.xpath: //button[@type='submit']
2026-06-29 17:32:06 INFO  LoginPage - Clicking Login Button
2026-06-29 17:32:06 INFO  LoginPage - Dashboard displayed successfully
2026-06-29 17:32:06 INFO  LoginTest - Username : Admin
2026-06-29 17:32:06 INFO  LoginTest - Password : admin123
2026-06-29 17:32:06 INFO  TestListener - Test Passed : verifyLogin
2026-06-29 17:32:15 INFO  TestListener - Test Started : verifyLogin
2026-06-29 17:32:18 INFO  ElementActions - Entered text 'Admin' into By.name: username
2026-06-29 17:32:18 INFO  LoginPage - Entering username
2026-06-29 17:32:18 INFO  ElementActions - Entered text 'wrongpass' into By.name: password
2026-06-29 17:32:18 INFO  LoginPage - Entering password
2026-06-29 17:32:19 INFO  ElementActions - Clicked on By.xpath: //button[@type='submit']
2026-06-29 17:32:19 INFO  LoginPage - Clicking Login Button
2026-06-29 17:32:21 INFO  ElementActions - By.xpath: //p[@class='oxd-text oxd-text--p oxd-alert-content-text'] Displayed : true
2026-06-29 17:32:21 INFO  LoginTest - Username : Admin
2026-06-29 17:32:21 INFO  LoginTest - Password : wrongpass
2026-06-29 17:32:21 INFO  TestListener - Test Passed : verifyLogin
2026-06-29 17:32:31 INFO  TestListener - Test Started : verifyLogin
2026-06-29 17:32:32 INFO  ElementActions - Entered text 'WrongUser' into By.name: username
2026-06-29 17:32:32 INFO  LoginPage - Entering username
2026-06-29 17:32:32 INFO  ElementActions - Entered text 'admin123' into By.name: password
2026-06-29 17:32:32 INFO  LoginPage - Entering password
2026-06-29 17:32:32 INFO  ElementActions - Clicked on By.xpath: //button[@type='submit']
2026-06-29 17:32:32 INFO  LoginPage - Clicking Login Button
2026-06-29 17:32:35 INFO  ElementActions - By.xpath: //p[@class='oxd-text oxd-text--p oxd-alert-content-text'] Displayed : true
2026-06-29 17:32:35 INFO  LoginTest - Username : WrongUser
2026-06-29 17:32:35 INFO  LoginTest - Password : admin123
2026-06-29 17:32:35 INFO  TestListener - Test Passed : verifyLogin
2026-07-01 16:30:20 INFO  TestListener - Test Started : verifyLogin
2026-07-01 16:30:21 INFO  ElementActions - Entered text 'Admin' into By.name: username
2026-07-01 16:30:21 INFO  LoginPage - Entering username
2026-07-01 16:30:22 INFO  ElementActions - Entered text 'admin123' into By.name: password
2026-07-01 16:30:22 INFO  LoginPage - Entering password
2026-07-01 16:30:23 INFO  ElementActions - Clicked on By.xpath: //button[@type='submit']
2026-07-01 16:30:23 INFO  LoginPage - Clicking Login Button
2026-07-01 16:30:23 INFO  LoginPage - Dashboard displayed successfully
2026-07-01 16:30:23 INFO  LoginTest - Username : Admin
2026-07-01 16:30:23 INFO  LoginTest - Password : admin123
2026-07-01 16:30:23 INFO  TestListener - Test Passed : verifyLogin
2026-07-01 16:30:31 INFO  TestListener - Test Started : verifyLogin
2026-07-01 16:30:33 INFO  ElementActions - Entered text 'Admin' into By.name: username
2026-07-01 16:30:33 INFO  LoginPage - Entering username
2026-07-01 16:30:33 INFO  ElementActions - Entered text 'wrongpass' into By.name: password
2026-07-01 16:30:33 INFO  LoginPage - Entering password
2026-07-01 16:30:34 INFO  ElementActions - Clicked on By.xpath: //button[@type='submit']
2026-07-01 16:30:34 INFO  LoginPage - Clicking Login Button
2026-07-01 16:30:39 INFO  ElementActions - By.xpath: //p[@class='oxd-text oxd-text--p oxd-alert-content-text'] Displayed : true
2026-07-01 16:30:39 INFO  LoginTest - Username : Admin
2026-07-01 16:30:39 INFO  LoginTest - Password : wrongpass
2026-07-01 16:30:39 INFO  TestListener - Test Passed : verifyLogin
2026-07-01 16:30:46 INFO  TestListener - Test Started : verifyLogin
2026-07-01 16:30:47 INFO  ElementActions - Entered text 'WrongUser' into By.name: username
2026-07-01 16:30:47 INFO  LoginPage - Entering username
2026-07-01 16:30:47 INFO  ElementActions - Entered text 'admin123' into By.name: password
2026-07-01 16:30:47 INFO  LoginPage - Entering password
2026-07-01 16:30:47 INFO  ElementActions - Clicked on By.xpath: //button[@type='submit']
2026-07-01 16:30:47 INFO  LoginPage - Clicking Login Button
2026-07-01 16:30:49 INFO  ElementActions - By.xpath: //p[@class='oxd-text oxd-text--p oxd-alert-content-text'] Displayed : true
2026-07-01 16:30:49 INFO  LoginTest - Username : WrongUser
2026-07-01 16:30:49 INFO  LoginTest - Password : admin123
2026-07-01 16:30:49 INFO  TestListener - Test Passed : verifyLogin
2026-07-01 17:05:33 INFO  TestListener - Test Started : verifyLogin
2026-07-01 17:05:39 INFO  TestListener - Test Started : verifyLogin
2026-07-01 17:05:40 INFO  ElementActions - Entered text 'Admin' into By.name: username
2026-07-01 17:05:40 INFO  LoginPage - Entering username
2026-07-01 17:05:40 INFO  ElementActions - Entered text 'Admin' into By.name: username
2026-07-01 17:05:40 INFO  LoginPage - Entering username
2026-07-01 17:05:41 INFO  ElementActions - Entered text 'wrongpass' into By.name: password
2026-07-01 17:05:41 INFO  LoginPage - Entering password
2026-07-01 17:05:41 INFO  ElementActions - Entered text 'admin123' into By.name: password
2026-07-01 17:05:41 INFO  LoginPage - Entering password
2026-07-01 17:05:43 INFO  ElementActions - Clicked on By.xpath: //button[@type='submit']
2026-07-01 17:05:43 INFO  LoginPage - Clicking Login Button
2026-07-01 17:05:43 INFO  ElementActions - Clicked on By.xpath: //button[@type='submit']
2026-07-01 17:05:43 INFO  LoginPage - Clicking Login Button
2026-07-01 17:05:44 INFO  LoginPage - Dashboard displayed successfully
2026-07-01 17:05:44 INFO  LoginTest - Username : Admin
2026-07-01 17:05:44 INFO  LoginTest - Password : admin123
2026-07-01 17:05:44 INFO  TestListener - Test Passed : verifyLogin
2026-07-01 17:05:44 INFO  ElementActions - By.xpath: //p[@class='oxd-text oxd-text--p oxd-alert-content-text'] Displayed : true
2026-07-01 17:05:44 INFO  LoginTest - Username : Admin
2026-07-01 17:05:44 INFO  LoginTest - Password : wrongpass
2026-07-01 17:05:44 INFO  TestListener - Test Passed : verifyLogin
2026-07-01 17:05:45 INFO  TestListener - Test Started : verifyLogin
2026-07-01 17:05:46 INFO  ElementActions - Entered text 'WrongUser' into By.name: username
2026-07-01 17:05:46 INFO  LoginPage - Entering username
2026-07-01 17:05:46 INFO  ElementActions - Entered text 'admin123' into By.name: password
2026-07-01 17:05:46 INFO  LoginPage - Entering password
2026-07-01 17:05:46 INFO  ElementActions - Clicked on By.xpath: //button[@type='submit']
2026-07-01 17:05:46 INFO  LoginPage - Clicking Login Button
2026-07-01 17:05:48 INFO  ElementActions - By.xpath: //p[@class='oxd-text oxd-text--p oxd-alert-content-text'] Displayed : true
2026-07-01 17:05:48 INFO  LoginTest - Username : WrongUser
2026-07-01 17:05:48 INFO  LoginTest - Password : admin123
2026-07-01 17:05:48 INFO  TestListener - Test Passed : verifyLogin
2026-07-08 16:04:45 INFO  ElementActions - Entered text 'Admin' into By.name: username
2026-07-08 16:04:45 INFO  ElementActions - Entered text 'WrongUser' into By.name: username
2026-07-08 16:04:45 INFO  ElementActions - Entered text 'Admin' into By.name: username
2026-07-08 16:04:45 INFO  LoginPage - Entering username
2026-07-08 16:04:45 INFO  LoginPage - Entering username
2026-07-08 16:04:45 INFO  LoginPage - Entering username
2026-07-08 16:04:46 INFO  ElementActions - Entered text 'admin123' into By.name: password
2026-07-08 16:04:46 INFO  LoginPage - Entering password
2026-07-08 16:04:46 INFO  ElementActions - Entered text 'admin123' into By.name: password
2026-07-08 16:04:46 INFO  LoginPage - Entering password
2026-07-08 16:04:46 INFO  ElementActions - Entered text 'wrongpass' into By.name: password
2026-07-08 16:04:46 INFO  LoginPage - Entering password
2026-07-08 16:04:48 INFO  ElementActions - Clicked on By.xpath: //button[@type='submit']
2026-07-08 16:04:48 INFO  LoginPage - Clicking Login Button
2026-07-08 16:04:49 INFO  ElementActions - Clicked on By.xpath: //button[@type='submit']
2026-07-08 16:04:49 INFO  LoginPage - Clicking Login Button
2026-07-08 16:04:49 INFO  ElementActions - Clicked on By.xpath: //button[@type='submit']
2026-07-08 16:04:49 INFO  LoginPage - Clicking Login Button
2026-07-08 16:04:50 INFO  ElementActions - By.xpath: //p[@class='oxd-text oxd-text--p oxd-alert-content-text'] Displayed : true
2026-07-08 16:04:50 INFO  LoginTest - Username : WrongUser
2026-07-08 16:04:50 INFO  LoginTest - Password : admin123
2026-07-08 16:04:50 INFO  LoginPage - Dashboard displayed successfully
2026-07-08 16:04:50 INFO  LoginTest - Username : Admin
2026-07-08 16:04:50 INFO  LoginTest - Password : admin123
2026-07-08 16:04:50 INFO  ElementActions - By.xpath: //p[@class='oxd-text oxd-text--p oxd-alert-content-text'] Displayed : true
2026-07-08 16:04:50 INFO  LoginTest - Username : Admin
2026-07-08 16:04:50 INFO  LoginTest - Password : wrongpass
2026-07-08 16:05:56 INFO  ElementActions - Entered text 'Admin' into By.name: username
2026-07-08 16:05:56 INFO  ElementActions - Entered text 'WrongUser' into By.name: username
2026-07-08 16:05:56 INFO  ElementActions - Entered text 'Admin' into By.name: username
2026-07-08 16:05:56 INFO  LoginPage - Entering username
2026-07-08 16:05:56 INFO  LoginPage - Entering username
2026-07-08 16:05:56 INFO  LoginPage - Entering username
2026-07-08 16:05:56 INFO  ElementActions - Entered text 'admin123' into By.name: password
2026-07-08 16:05:56 INFO  ElementActions - Entered text 'admin123' into By.name: password
2026-07-08 16:05:56 INFO  LoginPage - Entering password
2026-07-08 16:05:56 INFO  LoginPage - Entering password
2026-07-08 16:05:56 INFO  ElementActions - Entered text 'wrongpass' into By.name: password
2026-07-08 16:05:56 INFO  LoginPage - Entering password
2026-07-08 16:05:59 INFO  ElementActions - Clicked on By.xpath: //button[@type='submit']
2026-07-08 16:05:59 INFO  LoginPage - Clicking Login Button
2026-07-08 16:05:59 INFO  ElementActions - Clicked on By.xpath: //button[@type='submit']
2026-07-08 16:05:59 INFO  LoginPage - Clicking Login Button
2026-07-08 16:05:59 INFO  ElementActions - Clicked on By.xpath: //button[@type='submit']
2026-07-08 16:05:59 INFO  LoginPage - Clicking Login Button
2026-07-08 16:05:59 INFO  LoginPage - Dashboard displayed successfully
2026-07-08 16:05:59 INFO  LoginTest - Username : Admin
2026-07-08 16:05:59 INFO  LoginTest - Password : admin123
2026-07-08 16:06:00 INFO  ElementActions - By.xpath: //p[@class='oxd-text oxd-text--p oxd-alert-content-text'] Displayed : true
2026-07-08 16:06:00 INFO  LoginTest - Username : WrongUser
2026-07-08 16:06:00 INFO  LoginTest - Password : admin123
2026-07-08 16:06:00 INFO  ElementActions - By.xpath: //p[@class='oxd-text oxd-text--p oxd-alert-content-text'] Displayed : true
2026-07-08 16:06:00 INFO  LoginTest - Username : Admin
2026-07-08 16:06:00 INFO  LoginTest - Password : wrongpass
