16:34:30.808 [ApplicationImpl pooled thread 53] INFO  c.b.l.BrowserStackRunExtension - testng
16:34:30.815 [ApplicationImpl pooled thread 53] INFO  com.browserstack.utils.Helpers - null
16:34:30.816 [ApplicationImpl pooled thread 53] INFO  c.b.l.BrowserStackRunExtension - Agent path: null
16:46:48.851 [ApplicationImpl pooled thread 64] INFO  c.b.l.BrowserStackRunExtension - testng
16:46:48.851 [ApplicationImpl pooled thread 64] INFO  com.browserstack.utils.Helpers - null
16:46:48.852 [ApplicationImpl pooled thread 64] INFO  c.b.l.BrowserStackRunExtension - Agent path: null
17:04:36.801 [ApplicationImpl pooled thread 80] INFO  c.b.l.BrowserStackRunExtension - testng
17:04:36.801 [ApplicationImpl pooled thread 80] INFO  com.browserstack.utils.Helpers - null
17:04:36.802 [ApplicationImpl pooled thread 80] INFO  c.b.l.BrowserStackRunExtension - Agent path: null
17:20:20.067 [ApplicationImpl pooled thread 94] INFO  c.b.l.BrowserStackRunExtension - testng
17:20:20.068 [ApplicationImpl pooled thread 94] INFO  com.browserstack.utils.Helpers - null
17:20:20.068 [ApplicationImpl pooled thread 94] INFO  c.b.l.BrowserStackRunExtension - Agent path: null
17:21:08.449 [ApplicationImpl pooled thread 85] INFO  c.b.l.BrowserStackRunExtension - testng
17:21:08.450 [ApplicationImpl pooled thread 85] INFO  com.browserstack.utils.Helpers - null
17:21:08.450 [ApplicationImpl pooled thread 85] INFO  c.b.l.BrowserStackRunExtension - Agent path: null
17:21:46.132 [ApplicationImpl pooled thread 95] INFO  c.b.l.BrowserStackRunExtension - testng
17:21:46.132 [ApplicationImpl pooled thread 95] INFO  com.browserstack.utils.Helpers - null
17:21:46.132 [ApplicationImpl pooled thread 95] INFO  c.b.l.BrowserStackRunExtension - Agent path: null
17:23:53.007 [ApplicationImpl pooled thread 96] INFO  c.b.l.BrowserStackRunExtension - testng
17:23:53.007 [ApplicationImpl pooled thread 96] INFO  com.browserstack.utils.Helpers - null
17:23:53.007 [ApplicationImpl pooled thread 96] INFO  c.b.l.BrowserStackRunExtension - Agent path: null
17:29:45.196 [ApplicationImpl pooled thread 85] INFO  c.b.l.BrowserStackRunExtension - testng
17:29:45.197 [ApplicationImpl pooled thread 85] INFO  com.browserstack.utils.Helpers - null
17:29:45.197 [ApplicationImpl pooled thread 85] INFO  c.b.l.BrowserStackRunExtension - Agent path: null
17:39:44.819 [ApplicationImpl pooled thread 101] INFO  c.b.l.BrowserStackRunExtension - testng
17:39:44.819 [ApplicationImpl pooled thread 101] INFO  com.browserstack.utils.Helpers - null
17:39:44.821 [ApplicationImpl pooled thread 101] INFO  c.b.l.BrowserStackRunExtension - Agent path: null
17:40:05.777 [ApplicationImpl pooled thread 101] INFO  c.b.l.BrowserStackRunExtension - testng
17:40:05.777 [ApplicationImpl pooled thread 101] INFO  com.browserstack.utils.Helpers - null
17:40:05.778 [ApplicationImpl pooled thread 101] INFO  c.b.l.BrowserStackRunExtension - Agent path: null
17:41:22.504 [ApplicationImpl pooled thread 108] INFO  c.b.l.BrowserStackRunExtension - testng
17:41:22.504 [ApplicationImpl pooled thread 108] INFO  com.browserstack.utils.Helpers - null
17:41:22.505 [ApplicationImpl pooled thread 108] INFO  c.b.l.BrowserStackRunExtension - Agent path: null
17:42:22.590 [ApplicationImpl pooled thread 107] INFO  c.b.l.BrowserStackRunExtension - testng
17:42:22.590 [ApplicationImpl pooled thread 107] INFO  com.browserstack.utils.Helpers - null
17:42:22.591 [ApplicationImpl pooled thread 107] INFO  c.b.l.BrowserStackRunExtension - Agent path: null
18:30:23.544 [ApplicationImpl pooled thread 114] INFO  c.b.l.BrowserStackRunExtension - testng
18:30:23.548 [ApplicationImpl pooled thread 114] INFO  com.browserstack.utils.Helpers - null
18:30:23.550 [ApplicationImpl pooled thread 114] INFO  c.b.l.BrowserStackRunExtension - Agent path: null
18:32:24.154 [ApplicationImpl pooled thread 121] INFO  c.b.l.BrowserStackRunExtension - testng
18:32:24.154 [ApplicationImpl pooled thread 121] INFO  com.browserstack.utils.Helpers - null
18:32:24.154 [ApplicationImpl pooled thread 121] INFO  c.b.l.BrowserStackRunExtension - Agent path: null
18:34:12.181 [ApplicationImpl pooled thread 120] INFO  c.b.l.BrowserStackRunExtension - testng
18:34:12.181 [ApplicationImpl pooled thread 120] INFO  com.browserstack.utils.Helpers - null
18:34:12.182 [ApplicationImpl pooled thread 120] INFO  c.b.l.BrowserStackRunExtension - Agent path: null
14:57:26.042 [ApplicationImpl pooled thread 196] INFO  c.b.l.BrowserStackRunExtension - testng
14:57:26.042 [ApplicationImpl pooled thread 196] INFO  com.browserstack.utils.Helpers - null
14:57:26.042 [ApplicationImpl pooled thread 196] INFO  c.b.l.BrowserStackRunExtension - Agent path: null
14:58:45.949 [ApplicationImpl pooled thread 197] INFO  c.b.l.BrowserStackRunExtension - testng
14:58:45.949 [ApplicationImpl pooled thread 197] INFO  com.browserstack.utils.Helpers - null
14:58:45.949 [ApplicationImpl pooled thread 197] INFO  c.b.l.BrowserStackRunExtension - Agent path: null
15:04:11.349 [ApplicationImpl pooled thread 195] INFO  c.b.l.BrowserStackRunExtension - testng
15:04:11.349 [ApplicationImpl pooled thread 195] INFO  com.browserstack.utils.Helpers - null
15:04:11.349 [ApplicationImpl pooled thread 195] INFO  c.b.l.BrowserStackRunExtension - Agent path: null
16:00:12.897 [ApplicationImpl pooled thread 256] INFO  c.b.l.BrowserStackRunExtension - testng
16:00:12.898 [ApplicationImpl pooled thread 256] INFO  com.browserstack.utils.Helpers - null
16:00:12.898 [ApplicationImpl pooled thread 256] INFO  c.b.l.BrowserStackRunExtension - Agent path: null
16:03:50.660 [ApplicationImpl pooled thread 259] INFO  c.b.l.BrowserStackRunExtension - testng
16:03:50.660 [ApplicationImpl pooled thread 259] INFO  com.browserstack.utils.Helpers - null
16:03:50.661 [ApplicationImpl pooled thread 259] INFO  c.b.l.BrowserStackRunExtension - Agent path: null
16:20:10.441 [ApplicationImpl pooled thread 268] INFO  c.b.l.BrowserStackRunExtension - testng
16:41:55.565 [ApplicationImpl pooled thread 274] INFO  c.b.l.BrowserStackRunExtension - testng
16:41:55.582 [ApplicationImpl pooled thread 274] INFO  com.browserstack.utils.Helpers - null
16:41:55.582 [ApplicationImpl pooled thread 274] INFO  c.b.l.BrowserStackRunExtension - Agent path: null
17:44:06.904 [ApplicationImpl pooled thread 291] INFO  c.b.l.BrowserStackRunExtension - testng
17:44:06.908 [ApplicationImpl pooled thread 291] INFO  com.browserstack.utils.Helpers - null
17:44:06.909 [ApplicationImpl pooled thread 291] INFO  c.b.l.BrowserStackRunExtension - Agent path: null
17:49:49.293 [ApplicationImpl pooled thread 303] INFO  c.b.l.BrowserStackRunExtension - testng
17:49:49.293 [ApplicationImpl pooled thread 303] INFO  com.browserstack.utils.Helpers - null
17:49:49.294 [ApplicationImpl pooled thread 303] INFO  c.b.l.BrowserStackRunExtension - Agent path: null
18:08:29.319 [ApplicationImpl pooled thread 314] INFO  c.b.l.BrowserStackRunExtension - testng
18:08:29.319 [ApplicationImpl pooled thread 314] INFO  com.browserstack.utils.Helpers - null
18:08:29.319 [ApplicationImpl pooled thread 314] INFO  c.b.l.BrowserStackRunExtension - Agent path: null
18:09:34.497 [ApplicationImpl pooled thread 308] INFO  c.b.l.BrowserStackRunExtension - testng
18:09:34.497 [ApplicationImpl pooled thread 308] INFO  com.browserstack.utils.Helpers - null
18:09:34.498 [ApplicationImpl pooled thread 308] INFO  c.b.l.BrowserStackRunExtension - Agent path: null
18:13:04.897 [ApplicationImpl pooled thread 313] INFO  c.b.l.BrowserStackRunExtension - testng
18:13:04.897 [ApplicationImpl pooled thread 313] INFO  com.browserstack.utils.Helpers - null
18:13:04.898 [ApplicationImpl pooled thread 313] INFO  c.b.l.BrowserStackRunExtension - Agent path: null
18:32:38.243 [ApplicationImpl pooled thread 330] INFO  c.b.l.BrowserStackRunExtension - testng
18:32:38.243 [ApplicationImpl pooled thread 330] INFO  com.browserstack.utils.Helpers - null
18:32:38.244 [ApplicationImpl pooled thread 330] INFO  c.b.l.BrowserStackRunExtension - Agent path: null
18:40:03.224 [ApplicationImpl pooled thread 334] INFO  c.b.l.BrowserStackRunExtension - testng
18:40:03.224 [ApplicationImpl pooled thread 334] INFO  com.browserstack.utils.Helpers - null
18:40:03.233 [ApplicationImpl pooled thread 334] INFO  c.b.l.BrowserStackRunExtension - Agent path: null
12:17:46.740 [ApplicationImpl pooled thread 341] INFO  c.b.l.BrowserStackRunExtension - testng
15:34:53.384 [ApplicationImpl pooled thread 365] INFO  c.b.l.BrowserStackRunExtension - testng
15:34:53.385 [ApplicationImpl pooled thread 365] INFO  com.browserstack.utils.Helpers - null
15:34:53.386 [ApplicationImpl pooled thread 365] INFO  c.b.l.BrowserStackRunExtension - Agent path: null
15:52:00.194 [ApplicationImpl pooled thread 382] INFO  c.b.l.BrowserStackRunExtension - testng
15:52:00.195 [ApplicationImpl pooled thread 382] INFO  com.browserstack.utils.Helpers - null
15:52:00.197 [ApplicationImpl pooled thread 382] INFO  c.b.l.BrowserStackRunExtension - Agent path: null
16:03:31.834 [ApplicationImpl pooled thread 389] INFO  c.b.l.BrowserStackRunExtension - testng
16:54:51.096 [AWT-EventQueue-0] INFO  c.b.actions.EnableBrowserStack - Setting enable browserstack run update
16:54:51.189 [AWT-EventQueue-0] INFO  c.b.actions.DisableBrowserStack - Setting disable browserstack run update
16:54:53.161 [AWT-EventQueue-0] INFO  c.b.actions.DisableBrowserStack - Setting disable browserstack run update
16:54:53.225 [AWT-EventQueue-0] INFO  c.b.actions.EnableBrowserStack - Setting enable browserstack run update
18:21:06.639 [ApplicationImpl pooled thread 446] INFO  c.b.l.BrowserStackRunExtension - testng
21:46:04.072 [ApplicationImpl pooled thread 483] INFO  c.b.l.BrowserStackRunExtension - testng
21:46:04.073 [ApplicationImpl pooled thread 483] INFO  com.browserstack.utils.Helpers - null
21:46:04.074 [ApplicationImpl pooled thread 483] INFO  c.b.l.BrowserStackRunExtension - Agent path: null
22:17:48.491 [ApplicationImpl pooled thread 504] INFO  c.b.l.BrowserStackRunExtension - testng
22:17:48.492 [ApplicationImpl pooled thread 504] INFO  com.browserstack.utils.Helpers - null
22:17:48.492 [ApplicationImpl pooled thread 504] INFO  c.b.l.BrowserStackRunExtension - Agent path: null
22:23:35.057 [ApplicationImpl pooled thread 505] INFO  c.b.l.BrowserStackRunExtension - testng
22:38:48.857 [ApplicationImpl pooled thread 511] INFO  c.b.l.BrowserStackRunExtension - testng
22:38:48.858 [ApplicationImpl pooled thread 511] INFO  com.browserstack.utils.Helpers - null
22:38:48.860 [ApplicationImpl pooled thread 511] INFO  c.b.l.BrowserStackRunExtension - Agent path: null
23:09:25.310 [ApplicationImpl pooled thread 532] INFO  c.b.l.BrowserStackRunExtension - testng
15:47:04.633 [ApplicationImpl pooled thread 564] INFO  c.b.l.BrowserStackRunExtension - testng
15:47:04.635 [ApplicationImpl pooled thread 564] INFO  com.browserstack.utils.Helpers - null
15:47:04.635 [ApplicationImpl pooled thread 564] INFO  c.b.l.BrowserStackRunExtension - Agent path: null
16:29:36.959 [ApplicationImpl pooled thread 588] INFO  c.b.l.BrowserStackRunExtension - testng
16:29:36.959 [ApplicationImpl pooled thread 588] INFO  com.browserstack.utils.Helpers - null
16:29:36.960 [ApplicationImpl pooled thread 588] INFO  c.b.l.BrowserStackRunExtension - Agent path: null
16:38:31.038 [ApplicationImpl pooled thread 591] INFO  c.b.l.BrowserStackRunExtension - testng
16:38:31.039 [ApplicationImpl pooled thread 591] INFO  com.browserstack.utils.Helpers - null
16:38:31.040 [ApplicationImpl pooled thread 591] INFO  c.b.l.BrowserStackRunExtension - Agent path: null
16:43:36.619 [ApplicationImpl pooled thread 591] INFO  c.b.l.BrowserStackRunExtension - testng
16:43:36.619 [ApplicationImpl pooled thread 591] INFO  com.browserstack.utils.Helpers - null
16:43:36.620 [ApplicationImpl pooled thread 591] INFO  c.b.l.BrowserStackRunExtension - Agent path: null
16:59:15.982 [AWT-EventQueue-0] INFO  c.b.actions.EnableBrowserStack - Setting enable browserstack run update
16:59:16.038 [AWT-EventQueue-0] INFO  c.b.actions.DisableBrowserStack - Setting disable browserstack run update
17:01:49.202 [ApplicationImpl pooled thread 610] INFO  c.b.l.BrowserStackRunExtension - testng
17:16:44.718 [ApplicationImpl pooled thread 787] INFO  c.b.l.BrowserStackRunExtension - testng
17:16:44.722 [ApplicationImpl pooled thread 787] INFO  com.browserstack.utils.Helpers - null
17:16:44.722 [ApplicationImpl pooled thread 787] INFO  c.b.l.BrowserStackRunExtension - Agent path: null
17:31:19.235 [ApplicationImpl pooled thread 803] INFO  c.b.l.BrowserStackRunExtension - testng
17:31:19.236 [ApplicationImpl pooled thread 803] INFO  com.browserstack.utils.Helpers - null
17:31:19.238 [ApplicationImpl pooled thread 803] INFO  c.b.l.BrowserStackRunExtension - Agent path: null
16:30:04.861 [ApplicationImpl pooled thread 866] INFO  c.b.l.BrowserStackRunExtension - testng
16:30:04.876 [ApplicationImpl pooled thread 866] INFO  com.browserstack.utils.Helpers - null
16:30:04.876 [ApplicationImpl pooled thread 866] INFO  c.b.l.BrowserStackRunExtension - Agent path: null
17:05:17.475 [ApplicationImpl pooled thread 892] INFO  c.b.l.BrowserStackRunExtension - testng
17:05:17.475 [ApplicationImpl pooled thread 892] INFO  com.browserstack.utils.Helpers - null
17:05:17.476 [ApplicationImpl pooled thread 892] INFO  c.b.l.BrowserStackRunExtension - Agent path: null
19:49:20.691 [ApplicationImpl pooled thread 1105] INFO  c.b.l.BrowserStackRunExtension - testng
